<?xml version="1.0" encoding="UTF-8"?>
<!-- Generated by org.testng.reporters.JUnitReportReporter -->
<testsuite skipped="0" hostname="DESKTOP-4P6AJPB" name="variousconcepts.TestNGhomework" tests="2" failures="0" timestamp="12 Feb 2022 18:35:05 GMT" time="11.804" errors="0">
  <testcase name="LoginTest" time="4.394" classname="variousconcepts.TestNGhomework"/>
  <testcase name="AddcontactTest" time="7.410" classname="variousconcepts.TestNGhomework"/>
</testsuite> <!-- variousconcepts.TestNGhomework -->
